<?xml version="1.0" encoding="UTF-8"?>
<!-- Generated by org.testng.reporters.JUnitXMLReporter -->
<testsuite ignored="1" hostname="DESKTOP-PRVHUFE" failures="0" tests="4" name="Test" time="0.509" errors="0" timestamp="2022-10-27T14:34:52 PDT">
  <testcase classname="com.salesforce.Base.Base" name="@BeforeMethod setUp" time="0.009">
    <failure type="java.lang.NullPointerException" message="Cannot invoke &amp;quot;com.aventstack.extentreports.ExtentTest.log(com.aventstack.extentreports.Status, String)&amp;quot; because &amp;quot;com.salesforceAutomationScripts.ExtentReportSalesforce.logger&amp;quot; is null">
      <![CDATA[java.lang.NullPointerException: Cannot invoke "com.aventstack.extentreports.ExtentTest.log(com.aventstack.extentreports.Status, String)" because "com.salesforceAutomationScripts.ExtentReportSalesforce.logger" is null
at com.salesforceAutomationScripts.ExtentReportSalesforce.logtestinfo(ExtentReportSalesforce.java:55)
at com.salesforce.Base.Base.setUp(Base.java:67)
at java.base/java.util.ArrayList.forEach(ArrayList.java:1511)
... Removed 31 stack frames]]>
    </failure>
  </testcase> <!-- @BeforeMethod setUp -->
  <testcase classname="com.salesforce.Base.Base" name="@AfterMethod tearDown" time="0.0">
    <skipped/>
  </testcase> <!-- @AfterMethod tearDown -->
  <testcase classname="com.salesforce.Base.Base" name="@BeforeMethod setUp" time="0.0">
    <skipped/>
  </testcase> <!-- @BeforeMethod setUp -->
  <testcase classname="com.salesforce.Base.Base" name="@AfterMethod tearDown" time="0.0">
    <skipped/>
  </testcase> <!-- @AfterMethod tearDown -->
  <testcase classname="com.salesforce.Base.Base" name="@BeforeMethod setUp" time="0.0">
    <skipped/>
  </testcase> <!-- @BeforeMethod setUp -->
  <testcase classname="com.salesforce.Base.Base" name="@AfterMethod tearDown" time="0.0">
    <skipped/>
  </testcase> <!-- @AfterMethod tearDown -->
  <testcase classname="com.salesforce.Base.Base" name="@BeforeMethod setUp" time="0.0">
    <skipped/>
  </testcase> <!-- @BeforeMethod setUp -->
  <testcase classname="com.salesforce.Base.Base" name="@AfterMethod tearDown" time="0.0">
    <skipped/>
  </testcase> <!-- @AfterMethod tearDown -->
  <testcase classname="com.salesforceAutomationScripts.SalesForceSheet1" name="Navigsfdc" time="0.0">
    <skipped/>
  </testcase> <!-- Navigsfdc -->
  <testcase classname="com.salesforceAutomationScripts.SalesForceSheet1" name="RembUser" time="0.0">
    <skipped/>
  </testcase> <!-- RembUser -->
  <testcase classname="com.salesforceAutomationScripts.SalesForceSheet1" name="forgtPswrd" time="0.001">
    <skipped/>
  </testcase> <!-- forgtPswrd -->
  <testcase classname="com.salesforceAutomationScripts.SalesForceSheet1" name="valerrormsg" time="0.001">
    <skipped/>
  </testcase> <!-- valerrormsg -->
  <testcase classname="com.salesforceAutomationScripts.SalesForceSheet1" name="Login" time="0.0">
    <ignored/>
  </testcase> <!-- Login -->
</testsuite> <!-- Test -->
